Thursday, February 16, 2012 9:56:20 PM: GoToScanPage
Thursday, February 16, 2012 9:56:20 PM: FrmNextTurnStep_Shown---InitializeComponent
Thursday, February 16, 2012 9:56:20 PM: FrmNextTurnStep_Shown
Thursday, February 16, 2012 9:56:25 PM: CreateFile=>\\.\pipe\exiao
Thursday, February 16, 2012 9:56:31 PM: CreateFile=>success
Thursday, February 16, 2012 9:56:42 PM: FrmNextTurnStep_Shown   client.Connected    toMessage====>GoToScanPage
Thursday, February 16, 2012 9:56:51 PM: bytesRead=>12
Thursday, February 16, 2012 9:56:51 PM: Read -- Client----  while (Connected)
Thursday, February 16, 2012 9:56:51 PM: Message=>NextStepScan
Thursday, February 16, 2012 9:57:56 PM: ScanFinished
Thursday, February 16, 2012 9:57:56 PM: FrmNextTurnStep_Shown---InitializeComponent
Thursday, February 16, 2012 9:57:56 PM: FrmNextTurnStep_Shown
Thursday, February 16, 2012 9:57:59 PM: CreateFile=>\\.\pipe\exiao
Thursday, February 16, 2012 9:58:09 PM: CreateFile=>\\.\pipe\exiao
Thursday, February 16, 2012 9:58:13 PM: CreateFile=>\\.\pipe\exiao
Thursday, February 16, 2012 10:06:12 PM: GoToScanPage
Thursday, February 16, 2012 10:06:12 PM: FrmNextTurnStep_Shown---InitializeComponent
Thursday, February 16, 2012 10:06:12 PM: FrmNextTurnStep_Shown
Thursday, February 16, 2012 10:06:12 PM: CreateFile=>\\.\pipe\exiao
Thursday, February 16, 2012 10:06:12 PM: CreateFile=>success
Thursday, February 16, 2012 10:06:12 PM: FrmNextTurnStep_Shown   client.Connected    toMessage====>GoToScanPage
Thursday, February 16, 2012 10:06:19 PM: bytesRead=>12
Thursday, February 16, 2012 10:06:19 PM: Read -- Client----  while (Connected)
Thursday, February 16, 2012 10:06:19 PM: Message=>NextStepScan
Thursday, February 16, 2012 10:07:19 PM: ScanFinished
Thursday, February 16, 2012 10:07:19 PM: FrmNextTurnStep_Shown---InitializeComponent
Thursday, February 16, 2012 10:07:19 PM: FrmNextTurnStep_Shown
Thursday, February 16, 2012 10:07:19 PM: CreateFile=>\\.\pipe\exiao
Thursday, February 16, 2012 10:07:19 PM: CreateFile=>success
Thursday, February 16, 2012 10:07:20 PM: FrmNextTurnStep_Shown   client.Connected    toMessage====>ScanFinished
Thursday, February 16, 2012 10:07:41 PM: bytesRead=>4
Thursday, February 16, 2012 10:07:41 PM: Read -- Client----  while (Connected)
Thursday, February 16, 2012 10:07:41 PM: Message=>exit
Thursday, February 16, 2012 10:10:21 PM: GoToScanPage
Thursday, February 16, 2012 10:10:21 PM: FrmNextTurnStep_Shown---InitializeComponent
Thursday, February 16, 2012 10:10:21 PM: FrmNextTurnStep_Shown
Thursday, February 16, 2012 10:10:21 PM: CreateFile=>\\.\pipe\exiao
Thursday, February 16, 2012 10:10:21 PM: CreateFile=>success
Thursday, February 16, 2012 10:10:21 PM: FrmNextTurnStep_Shown   client.Connected    toMessage====>GoToScanPage
Thursday, February 16, 2012 10:10:30 PM: bytesRead=>12
Thursday, February 16, 2012 10:10:30 PM: Read -- Client----  while (Connected)
Thursday, February 16, 2012 10:10:30 PM: Message=>NextStepScan
Thursday, February 16, 2012 10:11:30 PM: ScanFinished
Thursday, February 16, 2012 10:11:30 PM: FrmNextTurnStep_Shown---InitializeComponent
Thursday, February 16, 2012 10:11:30 PM: FrmNextTurnStep_Shown
Thursday, February 16, 2012 10:11:30 PM: CreateFile=>\\.\pipe\exiao
Thursday, February 16, 2012 10:11:30 PM: CreateFile=>success
Thursday, February 16, 2012 10:11:30 PM: FrmNextTurnStep_Shown   client.Connected    toMessage====>ScanFinished
Thursday, February 16, 2012 10:12:58 PM: bytesRead=>11
Thursday, February 16, 2012 10:12:58 PM: Read -- Client----  while (Connected)
Thursday, February 16, 2012 10:12:58 PM: Message=>NextStepRun
